# JRE version: OpenJDK Runtime Environment (8.0_242-b01) (build 1.8.0_242-release-1644-b01)
# Java VM: OpenJDK 64-Bit Server VM (25.242-b01 mixed mode windows-amd64 compressed oops)
Heap:
 PSYoungGen      total 549888K, used 377331K [0x00000000d5580000, 0x0000000100000000, 0x0000000100000000)
  eden space 453120K, 65% used [0x00000000d5580000,0x00000000e77b7390,0x00000000f1000000)
  from space 96768K, 82% used [0x00000000fa180000,0x00000000fefc5918,0x0000000100000000)
  to   space 122880K, 0% used [0x00000000f1000000,0x00000000f1000000,0x00000000f8800000)
 ParOldGen       total 412672K, used 209353K [0x0000000080000000, 0x0000000099300000, 0x00000000d5580000)
  object space 412672K, 50% used [0x0000000080000000,0x000000008cc727e0,0x0000000099300000)
 Metaspace       used 146517K, capacity 155132K, committed 155288K, reserved 1183744K
  class space    used 18831K, capacity 20552K, committed 20656K, reserved 1048576K
GC Heap History (10 events):
Event: 106.353 GC heap before
{Heap before GC invocations=16 (full 4):
 PSYoungGen      total 494080K, used 439808K [0x00000000d5580000, 0x00000000fc000000, 0x0000000100000000)
  eden space 439808K, 100% used [0x00000000d5580000,0x00000000f0300000,0x00000000f0300000)
  from space 54272K, 0% used [0x00000000f0300000,0x00000000f0300000,0x00000000f3800000)
  to   space 57344K, 0% used [0x00000000f8800000,0x00000000f8800000,0x00000000fc000000)
 ParOldGen       total 412672K, used 87083K [0x0000000080000000, 0x0000000099300000, 0x00000000d5580000)
  object space 412672K, 21% used [0x0000000080000000,0x000000008550ad38,0x0000000099300000)
 Metaspace       used 102998K, capacity 107146K, committed 107416K, reserved 1142784K
  class space    used 13063K, capacity 13985K, committed 14000K, reserved 1048576K
Event: 106.372 GC heap after
Heap after GC invocations=16 (full 4):
 PSYoungGen      total 569856K, used 34983K [0x00000000d5580000, 0x00000000fbd80000, 0x0000000100000000)
  eden space 515072K, 0% used [0x00000000d5580000,0x00000000d5580000,0x00000000f4c80000)
  from space 54784K, 63% used [0x00000000f8800000,0x00000000faa29db8,0x00000000fbd80000)
  to   space 57856K, 0% used [0x00000000f4c80000,0x00000000f4c80000,0x00000000f8500000)
 ParOldGen       total 412672K, used 87091K [0x0000000080000000, 0x0000000099300000, 0x00000000d5580000)
  object space 412672K, 21% used [0x0000000080000000,0x000000008550cd38,0x0000000099300000)
 Metaspace       used 102998K, capacity 107146K, committed 107416K, reserved 1142784K
  class space    used 13063K, capacity 13985K, committed 14000K, reserved 1048576K
}
Event: 258.591 GC heap before
{Heap before GC invocations=17 (full 4):
 PSYoungGen      total 569856K, used 550055K [0x00000000d5580000, 0x00000000fbd80000, 0x0000000100000000)
  eden space 515072K, 100% used [0x00000000d5580000,0x00000000f4c80000,0x00000000f4c80000)
  from space 54784K, 63% used [0x00000000f8800000,0x00000000faa29db8,0x00000000fbd80000)
  to   space 57856K, 0% used [0x00000000f4c80000,0x00000000f4c80000,0x00000000f8500000)
 ParOldGen       total 412672K, used 87091K [0x0000000080000000, 0x0000000099300000, 0x00000000d5580000)
  object space 412672K, 21% used [0x0000000080000000,0x000000008550cd38,0x0000000099300000)
 Metaspace       used 117548K, capacity 122944K, committed 123160K, reserved 1157120K
  class space    used 14947K, capacity 16112K, committed 16176K, reserved 1048576K
Event: 258.647 GC heap after
Heap after GC invocations=17 (full 4):
 PSYoungGen      total 572928K, used 57850K [0x00000000d5580000, 0x0000000100000000, 0x0000000100000000)
  eden space 515072K, 0% used [0x00000000d5580000,0x00000000d5580000,0x00000000f4c80000)
  from space 57856K, 99% used [0x00000000f4c80000,0x00000000f84fea58,0x00000000f8500000)
  to   space 71680K, 0% used [0x00000000fba00000,0x00000000fba00000,0x0000000100000000)
 ParOldGen       total 412672K, used 101559K [0x0000000080000000, 0x0000000099300000, 0x00000000d5580000)
  object space 412672K, 24% used [0x0000000080000000,0x000000008632dc08,0x0000000099300000)
 Metaspace       used 117548K, capacity 122944K, committed 123160K, reserved 1157120K
  class space    used 14947K, capacity 16112K, committed 16176K, reserved 1048576K
}
Event: 262.442 GC heap before
{Heap before GC invocations=18 (full 4):
 PSYoungGen      total 572928K, used 572922K [0x00000000d5580000, 0x0000000100000000, 0x0000000100000000)
  eden space 515072K, 100% used [0x00000000d5580000,0x00000000f4c80000,0x00000000f4c80000)
  from space 57856K, 99% used [0x00000000f4c80000,0x00000000f84fea58,0x00000000f8500000)
  to   space 71680K, 0% used [0x00000000fba00000,0x00000000fba00000,0x0000000100000000)
 ParOldGen       total 412672K, used 101559K [0x0000000080000000, 0x0000000099300000, 0x00000000d5580000)
  object space 412672K, 24% used [0x0000000080000000,0x000000008632dc08,0x0000000099300000)
 Metaspace       used 132243K, capacity 139134K, committed 139416K, reserved 1171456K
  class space    used 16879K, capacity 18285K, committed 18352K, reserved 1048576K
Event: 262.500 GC heap after
Heap after GC invocations=18 (full 4):
 PSYoungGen      total 577024K, used 71652K [0x00000000d5580000, 0x0000000100000000, 0x0000000100000000)
  eden space 505344K, 0% used [0x00000000d5580000,0x00000000d5580000,0x00000000f4300000)
  from space 71680K, 99% used [0x00000000fba00000,0x00000000ffff91f0,0x0000000100000000)
  to   space 96768K, 0% used [0x00000000f4300000,0x00000000f4300000,0x00000000fa180000)
 ParOldGen       total 412672K, used 139395K [0x0000000080000000, 0x0000000099300000, 0x00000000d5580000)
  object space 412672K, 33% used [0x0000000080000000,0x0000000088820fa8,0x0000000099300000)
 Metaspace       used 132243K, capacity 139134K, committed 139416K, reserved 1171456K
  class space    used 16879K, capacity 18285K, committed 18352K, reserved 1048576K
}
Event: 269.420 GC heap before
{Heap before GC invocations=19 (full 4):
 PSYoungGen      total 577024K, used 576996K [0x00000000d5580000, 0x0000000100000000, 0x0000000100000000)
  eden space 505344K, 100% used [0x00000000d5580000,0x00000000f4300000,0x00000000f4300000)
  from space 71680K, 99% used [0x00000000fba00000,0x00000000ffff91f0,0x0000000100000000)
  to   space 96768K, 0% used [0x00000000f4300000,0x00000000f4300000,0x00000000fa180000)
 ParOldGen       total 412672K, used 139395K [0x0000000080000000, 0x0000000099300000, 0x00000000d5580000)
  object space 412672K, 33% used [0x0000000080000000,0x0000000088820fa8,0x0000000099300000)
 Metaspace       used 137065K, capacity 144288K, committed 144536K, reserved 1175552K
  class space    used 17443K, capacity 18842K, committed 18864K, reserved 1048576K
Event: 269.470 GC heap after
Heap after GC invocations=19 (full 4):
 PSYoungGen      total 602112K, used 96751K [0x00000000d5580000, 0x0000000100000000, 0x0000000100000000)
  eden space 505344K, 0% used [0x00000000d5580000,0x00000000d5580000,0x00000000f4300000)
  from space 96768K, 99% used [0x00000000f4300000,0x00000000fa17bef0,0x00000000fa180000)
  to   space 96768K, 0% used [0x00000000fa180000,0x00000000fa180000,0x0000000100000000)
 ParOldGen       total 412672K, used 151603K [0x0000000080000000, 0x0000000099300000, 0x00000000d5580000)
  object space 412672K, 36% used [0x0000000080000000,0x000000008940cc10,0x0000000099300000)
 Metaspace       used 137065K, capacity 144288K, committed 144536K, reserved 1175552K
  class space    used 17443K, capacity 18842K, committed 18864K, reserved 1048576K
}
Event: 270.691 GC heap before
{Heap before GC invocations=20 (full 4):
 PSYoungGen      total 602112K, used 602095K [0x00000000d5580000, 0x0000000100000000, 0x0000000100000000)
  eden space 505344K, 100% used [0x00000000d5580000,0x00000000f4300000,0x00000000f4300000)
  from space 96768K, 99% used [0x00000000f4300000,0x00000000fa17bef0,0x00000000fa180000)
  to   space 96768K, 0% used [0x00000000fa180000,0x00000000fa180000,0x0000000100000000)
 ParOldGen       total 412672K, used 151603K [0x0000000080000000, 0x0000000099300000, 0x00000000d5580000)
  object space 412672K, 36% used [0x0000000080000000,0x000000008940cc10,0x0000000099300000)
 Metaspace       used 145444K, capacity 154050K, committed 154136K, reserved 1183744K
  class space    used 18775K, capacity 20477K, committed 20528K, reserved 1048576K
Event: 270.761 GC heap after
Heap after GC invocations=20 (full 4):
 PSYoungGen      total 549888K, used 80150K [0x00000000d5580000, 0x0000000100000000, 0x0000000100000000)
  eden space 453120K, 0% used [0x00000000d5580000,0x00000000d5580000,0x00000000f1000000)
  from space 96768K, 82% used [0x00000000fa180000,0x00000000fefc5918,0x0000000100000000)
  to   space 122880K, 0% used [0x00000000f1000000,0x00000000f1000000,0x00000000f8800000)
 ParOldGen       total 412672K, used 209353K [0x0000000080000000, 0x0000000099300000, 0x00000000d5580000)
  object space 412672K, 50% used [0x0000000080000000,0x000000008cc727e0,0x0000000099300000)
 Metaspace       used 145444K, capacity 154050K, committed 154136K, reserved 1183744K
  class space    used 18775K, capacity 20477K, committed 20528K, reserved 1048576K
}

